18-12-04 09:58:46:Exception at file[/data/wwwroot/backstage/vendor/easyswoole/mysqli/src/Mysqli.php] line[757] message:[Too few arguments to function EasySwoole\Mysqli\Mysqli::update(), 1 passed in /data/wwwroot/backstage/App/HttpController/Login.php on line 53 and at least 2 expected]
18-12-04 09:59:06:Exception at file[/data/wwwroot/backstage/vendor/easyswoole/http/src/AbstractInterface/Controller.php] line[204] message:[Return value of EasySwoole\Http\AbstractInterface\Controller::create_token() must be of the type string, null returned]
18-12-04 10:00:19:Exception at file[/data/wwwroot/backstage/vendor/easyswoole/http/src/AbstractInterface/Controller.php] line[207] message:[Return value of EasySwoole\Http\AbstractInterface\Controller::create_token() must be of the type string, none returned]
18-12-04 10:12:09:Exception at file[/data/wwwroot/backstage/vendor/easyswoole/http/src/AbstractInterface/Controller.php] line[209] message:[Call to a member function getHeaders() on null]
18-12-04 10:24:22:Exception at file[/data/wwwroot/backstage/vendor/easyswoole/http/src/AbstractInterface/Controller.php] line[215] message:[Call to a member function where() on null]
18-12-04 11:14:23:Exception at file[/data/wwwroot/backstage/App/HttpController/Auth.php] line[16] message:[Cannot access private property App\HttpController\Admin::$db]
18-12-04 11:51:08:Exception at file[/data/wwwroot/backstage/App/HttpController/Role.php] line[67] message:[Call to a member function where() on null]
18-12-04 11:52:22:Exception at file[/data/wwwroot/backstage/App/HttpController/Role.php] line[67] message:[Call to a member function where() on null]
18-12-04 13:05:48:Exception at file[/data/wwwroot/backstage/App/HttpController/Auth.php] line[16] message:[Cannot access private property App\HttpController\Action::$db]
18-12-04 13:06:55:Exception at file[/data/wwwroot/backstage/App/HttpController/Auth.php] line[16] message:[Cannot access private property App\HttpController\Action::$db]
18-12-04 14:33:03:Exception at file[/data/wwwroot/backstage/vendor/easyswoole/mysqli/src/Mysqli.php] line[616] message:[Too few arguments to function EasySwoole\Mysqli\Mysqli::count(), 0 passed in /data/wwwroot/backstage/App/HttpController/Index.php on line 27 and at least 1 expected]
18-12-04 16:00:43:Exception at file[/data/wwwroot/backstage/vendor/easyswoole/mysqli/src/Mysqli.php] line[757] message:[Too few arguments to function EasySwoole\Mysqli\Mysqli::update(), 1 passed in /data/wwwroot/backstage/App/HttpController/Backvisit.php on line 83 and at least 2 expected]
18-12-04 16:10:43:Exception at file[/data/wwwroot/backstage/vendor/easyswoole/mysqli/src/Mysqli.php] line[1417] message:[Unknown column 'remind_time' in 'where clause' query: SELECT  COUNT(*) as retval FROM customers WHERE  remind_time > ?  and remind_time < ? ]
18-12-04 16:11:33:Exception at file[/data/wwwroot/backstage/vendor/easyswoole/mysqli/src/Mysqli.php] line[1417] message:[Unknown column 'remind_time' in 'where clause' query: SELECT  COUNT(*) as retval FROM customers WHERE  remind_time > ?  and remind_time < ? ]
18-12-04 16:11:53:Exception at file[/data/wwwroot/backstage/App/HttpController/Customer.php] line[48] message:[Call to a member function getLastQuery() on null]
18-12-04 16:12:11:Exception at file[/data/wwwroot/backstage/vendor/easyswoole/mysqli/src/Mysqli.php] line[1417] message:[Unknown column 'remind_time' in 'where clause' query: SELECT  COUNT(*) as retval FROM customers WHERE  remind_time > ?  and remind_time < ? ]
18-12-04 16:32:07:Exception at file[/data/wwwroot/backstage/vendor/easyswoole/mysqli/src/Mysqli.php] line[1417] message:[Table 'tianyi_backstage.customer' doesn't exist query: SELECT  * FROM customer WHERE  id = ?  LIMIT 1]
18-12-04 18:42:43:Exception at file[/data/wwwroot/backstage/vendor/easyswoole/mysqli/src/Mysqli.php] line[1417] message:[Unknown column 'role_id' in 'where clause' query: SELECT  action_id FROM roles WHERE  role_id = NULL]
18-12-04 18:42:43:Exception at file[/data/wwwroot/backstage/vendor/easyswoole/mysqli/src/Mysqli.php] line[1417] message:[Unknown column 'role_id' in 'where clause' query: SELECT  action_id FROM roles WHERE  role_id = NULL]
18-12-04 18:42:44:Exception at file[/data/wwwroot/backstage/vendor/easyswoole/mysqli/src/Mysqli.php] line[1417] message:[Unknown column 'role_id' in 'where clause' query: SELECT  action_id FROM roles WHERE  role_id = NULL]
18-12-04 18:42:44:Exception at file[/data/wwwroot/backstage/vendor/easyswoole/mysqli/src/Mysqli.php] line[1417] message:[Unknown column 'role_id' in 'where clause' query: SELECT  action_id FROM roles WHERE  role_id = NULL]
18-12-04 18:42:45:Exception at file[/data/wwwroot/backstage/vendor/easyswoole/mysqli/src/Mysqli.php] line[1417] message:[Unknown column 'role_id' in 'where clause' query: SELECT  action_id FROM roles WHERE  role_id = NULL]
18-12-04 18:42:45:Exception at file[/data/wwwroot/backstage/vendor/easyswoole/mysqli/src/Mysqli.php] line[1417] message:[Unknown column 'role_id' in 'where clause' query: SELECT  action_id FROM roles WHERE  role_id = NULL]
18-12-04 18:42:46:Exception at file[/data/wwwroot/backstage/vendor/easyswoole/mysqli/src/Mysqli.php] line[1417] message:[Unknown column 'role_id' in 'where clause' query: SELECT  action_id FROM roles WHERE  role_id = NULL]
18-12-04 18:42:46:Exception at file[/data/wwwroot/backstage/vendor/easyswoole/mysqli/src/Mysqli.php] line[1417] message:[Unknown column 'role_id' in 'where clause' query: SELECT  action_id FROM roles WHERE  role_id = NULL]
18-12-04 18:42:47:Exception at file[/data/wwwroot/backstage/vendor/easyswoole/mysqli/src/Mysqli.php] line[1417] message:[Unknown column 'role_id' in 'where clause' query: SELECT  action_id FROM roles WHERE  role_id = NULL]
18-12-04 18:47:45:Exception at file[/data/wwwroot/backstage/vendor/easyswoole/mysqli/src/Mysqli.php] line[1417] message:[Unknown column 'role_id' in 'where clause' query: SELECT  action_id FROM roles WHERE  role_id = NULL]
18-12-04 18:49:46:Exception at file[/data/wwwroot/backstage/vendor/easyswoole/mysqli/src/Mysqli.php] line[1417] message:[Unknown column 'role_id' in 'where clause' query: SELECT  action_id FROM roles WHERE  role_id = NULL]
18-12-04 18:49:49:Exception at file[/data/wwwroot/backstage/vendor/easyswoole/mysqli/src/Mysqli.php] line[1417] message:[Unknown column 'role_id' in 'where clause' query: SELECT  action_id FROM roles WHERE  role_id = NULL]
18-12-04 18:54:41:Exception at file[/data/wwwroot/backstage/vendor/easyswoole/mysqli/src/Mysqli.php] line[1417] message:[Unknown column 'role_id' in 'where clause' query: SELECT  action_id FROM roles WHERE  role_id = NULL]
18-12-04 18:54:48:Exception at file[/data/wwwroot/backstage/vendor/easyswoole/mysqli/src/Mysqli.php] line[1417] message:[Unknown column 'role_id' in 'where clause' query: SELECT  action_id FROM roles WHERE  role_id = NULL]
18-12-04 18:54:48:Exception at file[/data/wwwroot/backstage/vendor/easyswoole/mysqli/src/Mysqli.php] line[1417] message:[Unknown column 'role_id' in 'where clause' query: SELECT  action_id FROM roles WHERE  role_id = NULL]
18-12-04 19:23:54:Exception at file[/data/wwwroot/backstage/vendor/easyswoole/mysqli/src/Mysqli.php] line[550] message:[Too few arguments to function EasySwoole\Mysqli\Mysqli::insert(), 1 passed in /data/wwwroot/backstage/App/HttpController/Role.php on line 38 and exactly 2 expected]
18-12-04 19:24:14:Exception at file[/data/wwwroot/backstage/vendor/easyswoole/mysqli/src/Mysqli.php] line[1417] message:[Table 'tianyi_backstage.role' doesn't exist query: INSERT  INTO role (`admin_id`, `action_id`)  VALUES (?, ?)]
18-12-05 13:07:07:Exception at file[/data/wwwroot/backstage/App/Socket/Websocket.php] line[16] message:[Call to a member function push() on null]
18-12-05 14:32:28:Exception at file[/data/wwwroot/backstage/vendor/easyswoole/mysqli/src/Mysqli.php] line[1417] message:[ query: SELECT  * FROM adminstors WHERE  id = ?  LIMIT 1]
18-12-06 11:46:55:Exception at file[/data/wwwroot/backstage/App/HttpController/Customer.php] line[160] message:[Argument 1 passed to App\HttpController\Customer::valt() must be of the type array, null given, called in /data/wwwroot/backstage/App/HttpController/Customer.php on line 142]
18-12-06 11:47:05:Exception at file[/data/wwwroot/backstage/App/HttpController/Customer.php] line[160] message:[Argument 1 passed to App\HttpController\Customer::valt() must be of the type array, null given, called in /data/wwwroot/backstage/App/HttpController/Customer.php on line 142]
18-12-06 11:52:42:Exception at file[/data/wwwroot/backstage/vendor/easyswoole/mysqli/src/Mysqli.php] line[1417] message:[Table 'tianyi_backstage.customer' doesn't exist query: UPDATE customer SET `id` = ?, `name` = ?, `birthday` = ?, `email` = ?, `address` = ?, `phone` = ?, `qq` = ?, `wechat` = ?, `age` = ?, `sex` = ?, `type` = ?, `ad_time` = ?, `app_time` = ?, `is_jiuzhen` = ?, `channel` = ?, `price` = ?, `hospital` = ?, `spread` = ?, `intentionality` = ?, `beizhu` = ? WHERE  id = NULL]
18-12-06 13:17:36:Exception at file[/data/wwwroot/backstage/vendor/easyswoole/mysqli/src/Mysqli.php] line[471] message:[Too few arguments to function EasySwoole\Mysqli\Mysqli::getOne(), 0 passed in /data/wwwroot/backstage/App/HttpController/Backvisit.php on line 45 and at least 1 expected]
18-12-06 15:52:53:Exception at file[/data/wwwroot/backstage/App/HttpController/Customer.php] line[158] message:[Class 'App\HttpController\ServerManager' not found]
18-12-07 09:39:12:Exception at file[/data/wwwroot/backstage/vendor/easyswoole/mysqli/src/Mysqli.php] line[1417] message:[You have an error in your SQL syntax; check the manual that corresponds to your MySQL server version for the right syntax to use near ')  and adminstor = ?' at line 1 query: SELECT  id,name,adminstor,intentionality,ad_time FROM customers WHERE  id IN ( )  and adminstor = ? ]
18-12-07 09:39:26:Exception at file[/data/wwwroot/backstage/vendor/easyswoole/mysqli/src/Mysqli.php] line[1417] message:[You have an error in your SQL syntax; check the manual that corresponds to your MySQL server version for the right syntax to use near ')  and adminstor = ?' at line 1 query: SELECT  id,name,adminstor,intentionality,ad_time FROM customers WHERE  id IN ( )  and adminstor = ? ]
18-12-07 09:44:03:Exception at file[/data/wwwroot/backstage/vendor/easyswoole/mysqli/src/Mysqli.php] line[1417] message:[You have an error in your SQL syntax; check the manual that corresponds to your MySQL server version for the right syntax to use near 'NULL and adminstor = ?' at line 1 query: SELECT  id,name,adminstor,intentionality,ad_time FROM customers WHERE  id  NULL and adminstor = ? ]
18-12-07 09:45:57:Exception at file[/data/wwwroot/backstage/vendor/easyswoole/mysqli/src/Mysqli.php] line[1417] message:[You have an error in your SQL syntax; check the manual that corresponds to your MySQL server version for the right syntax to use near 'NULL and adminstor = ?' at line 1 query: SELECT  id,name,adminstor,intentionality,ad_time FROM customers WHERE  id  NULL and adminstor = ? ]
18-12-07 09:46:09:Exception at file[/data/wwwroot/backstage/vendor/easyswoole/mysqli/src/Mysqli.php] line[1417] message:[You have an error in your SQL syntax; check the manual that corresponds to your MySQL server version for the right syntax to use near 'NULL and adminstor = ?' at line 1 query: SELECT  id,name,adminstor,intentionality,ad_time FROM customers WHERE  id  NULL and adminstor = ? ]
18-12-07 09:46:55:Exception at file[/data/wwwroot/backstage/vendor/easyswoole/mysqli/src/Mysqli.php] line[1417] message:[You have an error in your SQL syntax; check the manual that corresponds to your MySQL server version for the right syntax to use near 'NULL and adminstor = ?' at line 1 query: SELECT  id,name,adminstor,intentionality,ad_time FROM customers WHERE  id  NULL and adminstor = ? ]
18-12-07 09:55:15:Exception at file[/data/wwwroot/backstage/vendor/easyswoole/mysqli/src/Mysqli.php] line[1417] message:[You have an error in your SQL syntax; check the manual that corresponds to your MySQL server version for the right syntax to use near ')  and adminstor = ?' at line 1 query: SELECT  id,name,adminstor,intentionality,ad_time FROM customers WHERE  id IN ( )  and adminstor = ? ]
18-12-07 09:56:52:Exception at file[/data/wwwroot/backstage/vendor/easyswoole/mysqli/src/Mysqli.php] line[1417] message:[You have an error in your SQL syntax; check the manual that corresponds to your MySQL server version for the right syntax to use near 'NULL and adminstor = ?' at line 1 query: SELECT  id,name,adminstor,intentionality,ad_time FROM customers WHERE  id  NULL and adminstor = ? ]
18-12-07 09:56:53:Exception at file[/data/wwwroot/backstage/vendor/easyswoole/mysqli/src/Mysqli.php] line[1417] message:[You have an error in your SQL syntax; check the manual that corresponds to your MySQL server version for the right syntax to use near 'NULL and adminstor = ?' at line 1 query: SELECT  id,name,adminstor,intentionality,ad_time FROM customers WHERE  id  NULL and adminstor = ? ]
18-12-07 10:44:49:Exception at file[/data/wwwroot/backstage/vendor/easyswoole/mysqli/src/Mysqli.php] line[550] message:[Too few arguments to function EasySwoole\Mysqli\Mysqli::insert(), 1 passed in /data/wwwroot/backstage/App/HttpController/Index.php on line 72 and exactly 2 expected]
18-12-07 11:09:34:Exception at file[/data/wwwroot/backstage/vendor/easyswoole/mysqli/src/Mysqli.php] line[1417] message:[Unknown column 'name' in 'where clause' query: SELECT  * FROM roles WHERE  name like ?  AND admin_id = ?  AND action_id = ?  LIMIT 1]
18-12-07 11:12:18:Exception at file[/data/wwwroot/backstage/vendor/easyswoole/mysqli/src/Mysqli.php] line[1417] message:[Unknown column 'name' in 'where clause' query: SELECT  * FROM roles WHERE  name like ?  AND admin_id = ?  AND action_id = ?  LIMIT 1]
18-12-08 12:00:15:Exception at file[/data/wwwroot/backstage/App/HttpController/Backvisit.php] line[129] message:[Too few arguments to function App\HttpController\Backvisit::create_timmer(), 0 passed in /data/wwwroot/backstage/App/HttpController/Backvisit.php on line 135 and exactly 4 expected]
