18-11-20 12:34:57:Exception at file[/data/wwwroot/backstage/App/HttpController/Login.php] line[76] message:[Argument 1 passed to App\HttpController\Login::onRequest() must be an instance of App\HttpController\Request, string given, called in /data/wwwroot/backstage/vendor/easyswoole/http/src/AbstractInterface/Controller.php on line 105]
18-11-20 13:02:36:Exception at file[/data/wwwroot/backstage/App/HttpController/Login.php] line[79] message:[Argument 1 passed to App\HttpController\Login::onRequest() must be an instance of EasySwoole\Http\Request, string given, called in /data/wwwroot/backstage/vendor/easyswoole/http/src/AbstractInterface/Controller.php on line 105]
18-11-20 13:03:48:Exception at file[/data/wwwroot/backstage/App/HttpController/Login.php] line[79] message:[Argument 1 passed to App\HttpController\Login::onRequest() must be an instance of EasySwoole\Http\Request, string given, called in /data/wwwroot/backstage/vendor/easyswoole/http/src/AbstractInterface/Controller.php on line 105]
18-11-20 13:04:27:Exception at file[/data/wwwroot/backstage/App/HttpController/Login.php] line[79] message:[Argument 1 passed to App\HttpController\Login::onRequest() must be an instance of EasySwoole\Http\Request, string given, called in /data/wwwroot/backstage/vendor/easyswoole/http/src/AbstractInterface/Controller.php on line 105]
18-11-20 13:05:22:Exception at file[/data/wwwroot/backstage/App/HttpController/Login.php] line[79] message:[Argument 1 passed to App\HttpController\Login::onRequest() must be an instance of EasySwoole\Http\Request, string given, called in /data/wwwroot/backstage/vendor/easyswoole/http/src/AbstractInterface/Controller.php on line 105]
18-11-20 13:06:43:Exception at file[/data/wwwroot/backstage/App/HttpController/Login.php] line[79] message:[Argument 1 passed to App\HttpController\Login::onRequest() must be an instance of EasySwoole\Http\Request, string given, called in /data/wwwroot/backstage/vendor/easyswoole/http/src/AbstractInterface/Controller.php on line 105]
18-11-20 13:07:16:Exception at file[/data/wwwroot/backstage/App/HttpController/Login.php] line[79] message:[Argument 1 passed to App\HttpController\Login::onRequest() must be an instance of EasySwoole\Http\Request, string given, called in /data/wwwroot/backstage/vendor/easyswoole/http/src/AbstractInterface/Controller.php on line 105]
18-11-20 13:10:45:Exception at file[/data/wwwroot/backstage/App/HttpController/Login.php] line[79] message:[Argument 1 passed to App\HttpController\Login::onRequest() must be an instance of EasySwoole\Http\Request, string given, called in /data/wwwroot/backstage/vendor/easyswoole/http/src/AbstractInterface/Controller.php on line 105]
18-11-20 13:25:19:Exception at file[/data/wwwroot/backstage/App/HttpController/Login.php] line[50] message:[Call to undefined method EasySwoole\Http\Session\Session::destory()]
18-11-20 13:49:00:Exception at file[/data/wwwroot/backstage/App/HttpController/Login.php] line[53] message:[Call to undefined method EasySwoole\Http\Response::writejson()]
18-11-20 13:49:34:Exception at file[/data/wwwroot/backstage/App/HttpController/Login.php] line[53] message:[Call to undefined method EasySwoole\Http\Response::writejson()]
18-11-20 13:49:52:Exception at file[/data/wwwroot/backstage/App/HttpController/Login.php] line[53] message:[Call to undefined method EasySwoole\Http\Response::writeJson()]
18-11-20 14:22:13:Exception at file[/data/wwwroot/backstage/vendor/easyswoole/http/src/AbstractInterface/Controller.php] line[110] message:[Cannot access private property EasySwoole\Http\Request::$method]
18-11-20 14:32:17:Exception at file[/data/wwwroot/backstage/vendor/easyswoole/http/src/AbstractInterface/Controller.php] line[200] message:[Cannot access private property App\HttpController\Login::$route_type]
18-11-20 15:03:01:Exception at file[/data/wwwroot/backstage/App/HttpController/Admin.php] line[40] message:[Call to undefined method App\HttpController\Admin::getRequestParam()]
18-11-20 15:04:04:Exception at file[/data/wwwroot/backstage/App/HttpController/Admin.php] line[42] message:[Call to undefined method App\HttpController\Admin::valitor()]
18-11-20 15:04:30:Exception at file[/data/wwwroot/backstage/App/HttpController/Admin.php] line[46] message:[Call to a member function startTransaction() on null]
18-11-20 15:06:03:Exception at file[/data/wwwroot/backstage/App/HttpController/Admin.php] line[46] message:[Call to a member function startTransaction() on null]
18-11-20 15:14:57:Exception at file[/data/wwwroot/backstage/vendor/easyswoole/validate/src/Error.php] line[152] message:[Return value of EasySwoole\Validate\Error::getErrorRuleMsg() must be of the type string, null returned]
18-11-20 15:15:55:Exception at file[/data/wwwroot/backstage/vendor/easyswoole/validate/src/Error.php] line[152] message:[Return value of EasySwoole\Validate\Error::getErrorRuleMsg() must be of the type string, null returned]
18-11-20 15:16:42:Exception at file[/data/wwwroot/backstage/vendor/easyswoole/validate/src/Error.php] line[152] message:[Return value of EasySwoole\Validate\Error::getErrorRuleMsg() must be of the type string, null returned]
18-11-20 15:19:17:Exception at file[/data/wwwroot/backstage/vendor/easyswoole/validate/src/Error.php] line[152] message:[Return value of EasySwoole\Validate\Error::getErrorRuleMsg() must be of the type string, null returned]
18-11-20 15:23:57:Exception at file[/data/wwwroot/backstage/vendor/easyswoole/validate/src/Error.php] line[152] message:[Return value of EasySwoole\Validate\Error::getErrorRuleMsg() must be of the type string, null returned]
18-11-20 15:24:04:Exception at file[/data/wwwroot/backstage/vendor/easyswoole/validate/src/Error.php] line[152] message:[Return value of EasySwoole\Validate\Error::getErrorRuleMsg() must be of the type string, null returned]
18-11-20 15:28:51:Exception at file[/data/wwwroot/backstage/App/HttpController/Admin.php] line[47] message:[Call to a member function startTransaction() on null]
18-11-20 15:33:06:Exception at file[/data/wwwroot/backstage/App/HttpController/Admin.php] line[47] message:[Call to a member function startTransaction() on null]
18-11-20 15:33:52:Exception at file[/data/wwwroot/backstage/vendor/easyswoole/mysqli/src/Mysqli.php] line[1417] message:[Table 'tianyi_backstage.adminitors' doesn't exist query: INSERT  INTO adminitors (`name`, `password`, `role`)  VALUES (?, ?, ?)]
18-11-20 15:35:31:Exception at file[/data/wwwroot/backstage/vendor/easyswoole/mysqli/src/Mysqli.php] line[1417] message:[Table 'tianyi_backstage.adminitors' doesn't exist query: INSERT  INTO adminitors (`name`, `password`, `role`)  VALUES (?, ?, ?)]
18-11-20 15:36:05:Exception at file[/data/wwwroot/backstage/vendor/easyswoole/mysqli/src/Mysqli.php] line[1417] message:[Table 'tianyi_backstage.adminitors' doesn't exist query: INSERT  INTO adminitors (`name`, `password`, `role`)  VALUES (?, ?, ?)]
18-11-20 15:55:44:Exception at file[/data/wwwroot/backstage/vendor/easyswoole/mysqli/src/Mysqli.php] line[757] message:[Too few arguments to function EasySwoole\Mysqli\Mysqli::update(), 1 passed in /data/wwwroot/backstage/App/HttpController/Admin.php on line 87 and at least 2 expected]
18-11-20 15:56:03:Exception at file[/data/wwwroot/backstage/vendor/easyswoole/mysqli/src/Mysqli.php] line[757] message:[Too few arguments to function EasySwoole\Mysqli\Mysqli::update(), 1 passed in /data/wwwroot/backstage/App/HttpController/Admin.php on line 87 and at least 2 expected]
18-11-20 16:14:13:Exception at file[/data/wwwroot/backstage/vendor/easyswoole/mysqli/src/Mysqli.php] line[709] message:[Too few arguments to function EasySwoole\Mysqli\Mysqli::delete(), 0 passed in /data/wwwroot/backstage/App/HttpController/Admin.php on line 98 and at least 1 expected]
18-11-20 17:16:42:Exception at file[/data/wwwroot/backstage/vendor/easyswoole/http/src/AbstractInterface/Controller.php] line[211] message:[Cannot access private property App\HttpController\Role::$db]
18-11-20 17:17:59:Exception at file[/data/wwwroot/backstage/vendor/easyswoole/mysqli/src/Mysqli.php] line[1417] message:[Unknown column 'role_id' in 'where clause' query: SELECT  * FROM actions WHERE  role_id = NULL LIMIT 0]
18-11-20 17:32:47:Exception at file[/data/wwwroot/backstage/vendor/easyswoole/mysqli/src/Mysqli.php] line[1417] message:[Column 'route' in field list is ambiguous query: SELECT  route FROM actions  JOIN `actions` as a on a.id = roles.action_id WHERE  role_id = NULL]
18-11-20 17:34:09:Exception at file[/data/wwwroot/backstage/vendor/easyswoole/mysqli/src/Mysqli.php] line[1417] message:[Unknown column 'roles.action_id' in 'on clause' query: SELECT  * FROM roles,actions  JOIN `actions` as a on a.id = roles.action_id WHERE  role_id = NULL]
18-11-20 17:35:49:Exception at file[/data/wwwroot/backstage/vendor/easyswoole/mysqli/src/Mysqli.php] line[1417] message:[Unknown column 'roles.action_id' in 'on clause' query: SELECT  * FROM roles,actions  JOIN `actions` as a on a.id = roles.action_id]
18-11-20 17:42:18:Exception at file[/data/wwwroot/backstage/vendor/easyswoole/mysqli/src/Mysqli.php] line[1417] message:[Unknown column 'roles.action_id' in 'on clause' query: SELECT  * FROM roles,actions  JOIN `actions` as a on a.id = roles.action_id LIMIT 3]
18-11-20 17:43:25:Exception at file[/data/wwwroot/backstage/vendor/easyswoole/mysqli/src/Mysqli.php] line[1417] message:[Unknown column 'roles.action_id' in 'on clause' query: SELECT  * FROM roles,actions  JOIN `actions` as a on a.id = roles.action_id WHERE  role_id = ? ]
18-11-20 18:05:09:Exception at file[/data/wwwroot/backstage/App/HttpController/Role.php] line[78] message:[Call to a member function get() on null]
18-11-21 11:30:21:Exception at file[/data/wwwroot/backstage/App/HttpController/Customer.php] line[52] message:[Call to a member function getLastQuery() on null]
18-11-26 16:08:10:Exception at file[/data/wwwroot/backstage/App/HttpController/Backvisit.php] line[125] message:[Call to a member function getErrorRuleMsg() on null]
18-11-29 16:36:25:Exception at file[/data/wwwroot/backstage/App/HttpController/Testuser.php] line[12] message:[Return value of App\HttpController\Testuser::onRequest() must be of the type boolean or null, none returned]
18-11-29 16:36:48:Exception at file[/data/wwwroot/backstage/App/HttpController/Testuser.php] line[16] message:[Class 'App\Model\Test' not found]
18-11-29 16:48:09:Exception at file[/data/wwwroot/backstage/App/Model/TestModel.php] line[18] message:[Using $this when not in object context]
18-11-29 16:48:53:Exception at file[/data/wwwroot/backstage/App/Model/TestModel.php] line[18] message:[Using $this when not in object context]
18-11-29 16:51:01:Exception at file[/data/wwwroot/backstage/App/Model/BaseModel.php] line[18] message:[Using $this when not in object context]
18-11-29 16:54:01:Exception at file[/data/wwwroot/backstage/App/Model/BaseModel.php] line[18] message:[Return value of App\Model\BaseModel::getDbConnection() must be an instance of App\Utility\Pool\MysqlObject, null returned]
18-11-29 17:01:05:Exception at file[/data/wwwroot/backstage/App/Model/BaseModel.php] line[18] message:[Return value of App\Model\BaseModel::getDbConnection() must be an instance of App\Utility\Pool\MysqlObject, null returned]
18-11-29 17:09:25:Exception at file[/data/wwwroot/backstage/App/Model/BaseModel.php] line[11] message:[Too few arguments to function App\Model\BaseModel::__construct(), 0 passed in /data/wwwroot/backstage/App/HttpController/Testuser.php on line 18 and exactly 1 expected]
18-11-29 17:11:20:Exception at file[/data/wwwroot/backstage/App/Model/BaseModel.php] line[11] message:[Too few arguments to function App\Model\BaseModel::__construct(), 0 passed in /data/wwwroot/backstage/App/HttpController/Testuser.php on line 18 and exactly 1 expected]
18-11-29 17:12:51:Exception at file[/data/wwwroot/backstage/App/Model/BaseModel.php] line[11] message:[Argument 1 passed to App\Model\BaseModel::__construct() must be an instance of App\Utility\Pool\MysqlObject, array given, called in /data/wwwroot/backstage/App/HttpController/Testuser.php on line 18]
18-11-29 17:24:20:Exception at file[/data/wwwroot/backstage/App/HttpController/Testuser.php] line[19] message:[Class 'App\Model\TestModelWithDb' not found]
18-11-29 17:24:40:Exception at file[/data/wwwroot/backstage/App/HttpController/Testuser.php] line[20] message:[Call to private method App\Model\TestModelWithDb::getDb() from context 'App\HttpController\Testuser']
18-11-29 17:26:29:Exception at file[/data/wwwroot/backstage/App/Model/TestModelWithDb.php] line[21] message:[Using $this when not in object context]
18-11-29 17:28:41:Exception at file[/data/wwwroot/backstage/App/Model/BaseModel.php] line[11] message:[Argument 1 passed to App\Model\BaseModel::__construct() must be an instance of App\Utility\Pool\MysqlObject, null given, called in /data/wwwroot/backstage/App/HttpController/Testuser.php on line 19]
18-11-29 17:52:35:Exception at file[/data/wwwroot/backstage/vendor/easyswoole/mysqli/src/Mysqli.php] line[1417] message:[You have an error in your SQL syntax; check the manual that corresponds to your MySQL server version for the right syntax to use near 'WHERE  id = ?  LIMIT 1' at line 1 query: SELECT  * FROM  WHERE  id = ?  LIMIT 1]
18-11-30 10:22:59:Exception at file[/data/wwwroot/backstage/App/HttpController/Testuser.php] line[21] message:[Call to a member function getDB() on null]
18-11-30 13:58:30:Exception at file[/data/wwwroot/backstage/vendor/easyswoole/http/src/Dispatcher.php] line[218] message:[Call to protected App\HttpController\Auth::__construct() from context 'EasySwoole\Http\Dispatcher']
18-11-30 13:58:45:Exception at file[/data/wwwroot/backstage/App/HttpController/Auth.php] line[9] message:[Call to a member function start() on null]
18-11-30 13:59:42:Exception at file[/data/wwwroot/backstage/vendor/easyswoole/http/src/Session/Session.php] line[26] message:[Argument 1 passed to EasySwoole\Http\Session\Session::__construct() must be an instance of EasySwoole\Http\Request, null given, called in /data/wwwroot/backstage/vendor/easyswoole/http/src/AbstractInterface/Controller.php on line 178]
18-11-30 14:01:25:Exception at file[/data/wwwroot/backstage/vendor/easyswoole/http/src/Session/Session.php] line[26] message:[Argument 1 passed to EasySwoole\Http\Session\Session::__construct() must be an instance of EasySwoole\Http\Request, null given, called in /data/wwwroot/backstage/vendor/easyswoole/http/src/AbstractInterface/Controller.php on line 178]
18-11-30 14:02:25:Exception at file[/data/wwwroot/backstage/vendor/easyswoole/http/src/Session/Session.php] line[26] message:[Argument 1 passed to EasySwoole\Http\Session\Session::__construct() must be an instance of EasySwoole\Http\Request, null given, called in /data/wwwroot/backstage/vendor/easyswoole/http/src/AbstractInterface/Controller.php on line 178]
18-11-30 14:15:49:Exception at file[/data/wwwroot/backstage/vendor/easyswoole/http/src/Session/Session.php] line[26] message:[Argument 1 passed to EasySwoole\Http\Session\Session::__construct() must be an instance of EasySwoole\Http\Request, null given, called in /data/wwwroot/backstage/vendor/easyswoole/http/src/AbstractInterface/Controller.php on line 178]
18-11-30 14:17:34:Exception at file[/data/wwwroot/backstage/App/HttpController/Auth.php] line[8] message:[Too few arguments to function App\HttpController\Auth::onRequest(), 0 passed in /data/wwwroot/backstage/App/HttpController/Testuser.php on line 14 and exactly 1 expected]
18-11-30 14:18:07:Exception at file[/data/wwwroot/backstage/App/HttpController/Auth.php] line[12] message:[Return value of App\HttpController\Auth::onRequest() must be of the type boolean or null, none returned]
18-11-30 14:42:00:Exception at file[/data/wwwroot/backstage/App/HttpController/Auth.php] line[34] message:[Class 'App\HttpController\Model' not found]
18-11-30 14:42:25:Exception at file[/data/wwwroot/backstage/App/Model/BaseModel.php] line[14] message:[Class 'App\Model\TestModelWithDb' not found]
18-11-30 14:53:22:Exception at file[/data/wwwroot/backstage/App/HttpController/Auth.php] line[41] message:[Call to undefined method App\Model\Model::where()]
18-11-30 14:56:43:Exception at file[/data/wwwroot/backstage/App/HttpController/Auth.php] line[31] message:[Too few arguments to function App\HttpController\Auth::role_auth(), 0 passed in /data/wwwroot/backstage/App/HttpController/Auth.php on line 18 and exactly 1 expected]
18-11-30 15:00:45:Exception at file[/data/wwwroot/backstage/App/HttpController/Auth.php] line[14] message:[Call to undefined method App\HttpController\Testuser::actionName()]
18-11-30 15:07:50:Exception at file[/data/wwwroot/backstage/vendor/easyswoole/http/src/AbstractInterface/Controller.php] line[106] message:[Cannot access private property EasySwoole\Http\Request::$request]
18-11-30 15:23:18:Exception at file[/data/wwwroot/backstage/App/HttpController/Auth.php] line[14] message:[Call to undefined method App\HttpController\Testuser::getRequestParams()]
18-11-30 15:41:01:Exception at file[/data/wwwroot/backstage/App/HttpController/Admin.php] line[99] message:[Call to undefined method EasySwoole\Http\Request::write()]
18-11-30 16:45:08:Exception at file[/data/wwwroot/backstage/App/Model/BaseWithRedis.php] line[40] message:[Return value of App\Model\BaseWithRedis::getRedis() must be an instance of Swoole\Coroutine\Redis, null returned]
